SF:lib\domain\entitis\products_entiti.dart
DA:9,4
DA:18,8
LF:2
LH:2
end_of_record
SF:lib\presentation\view_model\cart_view_model.dart
DA:16,3
DA:18,3
DA:20,2
DA:21,12
DA:22,4
DA:23,8
DA:25,2
DA:26,4
DA:29,8
DA:30,2
DA:33,2
DA:34,12
DA:35,4
DA:36,8
DA:37,8
DA:38,2
DA:42,2
DA:43,12
DA:44,4
DA:45,8
DA:46,8
DA:47,0
DA:49,8
DA:50,2
DA:54,2
DA:55,4
DA:56,6
DA:58,6
DA:62,6
LF:29
LH:28
end_of_record
SF:lib\data\models\product_model.dart
DA:5,0
DA:13,0
DA:15,0
DA:16,0
DA:17,0
DA:19,0
DA:20,0
DA:21,0
DA:22,0
DA:23,0
DA:27,0
DA:28,0
DA:29,0
DA:30,0
DA:31,0
DA:32,0
DA:33,0
LF:17
LH:0
end_of_record
SF:lib\data\remote_data_source\category_data_source.dart
DA:6,0
DA:8,0
DA:9,0
DA:11,0
DA:13,0
DA:14,0
DA:18,0
LF:7
LH:0
end_of_record
SF:lib\data\remote_data_source\prdoucts_data_source.dart
DA:7,0
DA:8,0
DA:9,0
DA:11,0
DA:13,0
DA:14,0
DA:15,0
DA:17,0
LF:8
LH:0
end_of_record
SF:lib\data\remote_data_source\prducts_by_category.dart
DA:7,2
DA:9,1
DA:10,2
DA:12,1
DA:14,2
DA:15,2
DA:16,2
DA:18,0
LF:8
LH:7
end_of_record
SF:lib\data\repository_impl\category_impl_repository.dart
DA:7,0
DA:8,0
DA:10,0
DA:12,0
LF:4
LH:0
end_of_record
SF:lib\data\repository_impl\get_product_by_category_impl_respository.dart
DA:25,2
DA:28,2
DA:30,1
DA:32,1
DA:33,1
LF:5
LH:5
end_of_record
SF:lib\data\repository_impl\products_impl_repositori.dart
DA:9,0
DA:10,0
DA:12,0
DA:14,0
LF:4
LH:0
end_of_record
SF:lib\domain\use_cases\get_category_use_case.dart
DA:7,0
DA:8,0
DA:10,0
DA:11,0
LF:4
LH:0
end_of_record
SF:lib\domain\use_cases\get_product_by_category_use_case.dart
DA:9,2
DA:12,2
DA:14,1
DA:15,1
DA:16,1
LF:5
LH:5
end_of_record
SF:lib\domain\use_cases\get_product_use_case.dart
DA:9,0
DA:10,0
DA:12,0
DA:13,0
LF:4
LH:0
end_of_record
SF:lib\presentation\screens\cart_screen.dart
DA:8,1
DA:10,1
DA:11,1
DA:15,1
DA:17,1
DA:18,1
DA:20,1
DA:22,1
DA:23,0
DA:24,0
DA:26,0
DA:35,1
DA:36,1
DA:37,1
DA:38,1
DA:39,2
DA:40,1
DA:42,3
DA:43,1
DA:44,1
DA:45,1
DA:46,1
DA:47,1
DA:49,1
DA:50,1
DA:51,1
DA:52,1
DA:54,1
DA:55,1
DA:62,1
DA:63,1
DA:66,1
DA:67,1
DA:68,1
DA:74,1
DA:75,3
DA:76,1
DA:77,1
DA:83,1
DA:85,1
DA:86,1
DA:88,1
DA:89,1
DA:90,1
DA:92,1
DA:94,1
DA:97,3
DA:98,1
DA:100,1
DA:101,1
DA:102,1
DA:104,1
DA:106,1
DA:116,1
DA:117,3
DA:131,1
DA:133,1
DA:135,1
DA:137,1
DA:138,1
DA:139,1
DA:141,1
DA:150,1
DA:151,2
DA:152,1
DA:154,3
DA:155,1
DA:156,1
DA:168,1
DA:171,1
DA:172,1
DA:173,1
DA:174,1
DA:177,1
DA:178,1
DA:179,1
DA:183,0
LF:77
LH:73
end_of_record
SF:lib\presentation\screens\home_screen.dart
DA:14,1
DA:15,0
DA:17,1
DA:18,1
DA:24,1
DA:26,1
DA:27,4
DA:28,3
DA:29,2
DA:30,2
DA:34,1
DA:36,1
DA:37,1
DA:40,1
DA:41,1
DA:43,1
DA:44,0
DA:45,0
DA:56,1
DA:57,1
DA:61,1
DA:63,1
DA:64,2
DA:66,1
DA:67,1
DA:68,1
DA:71,1
DA:72,1
DA:73,1
DA:74,2
DA:75,1
DA:77,1
DA:78,1
DA:79,2
DA:80,0
DA:81,0
DA:82,0
DA:83,0
DA:96,1
DA:97,1
DA:98,2
DA:100,1
DA:101,1
DA:102,1
DA:109,1
DA:110,1
DA:111,1
DA:112,0
DA:113,0
DA:116,0
DA:119,1
DA:120,2
DA:121,1
DA:122,1
DA:123,1
DA:125,0
DA:126,0
DA:146,1
DA:148,3
DA:150,2
DA:153,1
DA:161,1
DA:162,1
DA:164,0
LF:64
LH:51
end_of_record
SF:lib\presentation\screens\widgets\categories.widget.dart
DA:9,1
DA:15,1
DA:17,1
DA:19,0
DA:21,0
DA:23,0
DA:29,1
DA:31,1
DA:32,0
DA:33,1
DA:36,1
DA:37,1
DA:38,1
DA:40,1
DA:42,1
DA:44,1
DA:45,1
DA:47,2
DA:49,1
DA:50,2
DA:56,1
DA:57,1
DA:58,1
DA:59,1
LF:24
LH:20
end_of_record
SF:lib\presentation\screens\widgets\product_widget.dart
DA:9,1
DA:15,1
DA:17,1
DA:19,1
DA:20,1
DA:22,1
DA:24,1
DA:25,1
DA:26,1
DA:27,1
DA:28,1
DA:29,1
DA:30,1
DA:31,1
DA:34,1
DA:38,1
DA:39,2
DA:46,1
DA:48,1
DA:49,2
DA:54,1
DA:56,1
DA:57,1
DA:59,1
DA:60,3
DA:67,1
DA:68,1
DA:69,1
DA:75,1
LF:29
LH:29
end_of_record
SF:lib\presentation\view_model\products_view_model.dart
DA:14,2
DA:20,0
DA:21,0
DA:23,2
DA:35,2
DA:40,6
DA:48,6
DA:50,6
DA:52,2
DA:53,4
DA:54,2
DA:55,6
DA:56,6
DA:57,4
DA:60,2
DA:61,4
DA:63,6
DA:64,4
DA:65,4
DA:68,1
DA:69,2
DA:70,1
DA:71,1
DA:72,1
DA:73,2
DA:74,2
DA:77,1
DA:78,1
DA:81,1
DA:82,2
LF:30
LH:28
end_of_record
SF:lib\presentation\screens\widgets\loading_widget.dart
DA:5,4
DA:7,0
DA:9,0
LF:3
LH:1
end_of_record
